<?xml version="1.0" encoding="UTF-8"?>
<!-- Generated by org.testng.reporters.JUnitReportReporter -->
<testsuite hostname="neethajose" failures="0" tests="1" name="com.integrations.tests.msDynamics.MSDynamicsTests" time="137.244" errors="0" timestamp="2023-07-18T18:52:09 IST" skipped="0">
  <testcase classname="com.integrations.tests.msDynamics.MSDynamicsTests" name="MSDynamicsLogCall" time="137.244"/>
  <system-out/>
</testsuite> <!-- com.integrations.tests.msDynamics.MSDynamicsTests -->
